<?xml version="1.0" encoding="UTF-8"?>
<testsuite xmlns:xsi="http://www.w3.org/2001/XMLSchema-instance" xsi:noNamespaceSchemaLocation="https://maven.apache.org/surefire/maven-surefire-plugin/xsd/surefire-test-report-3.0.xsd" version="3.0" name="JUnit Jupiter" time="0" tests="1" errors="1" skipped="0" failures="0">
  <properties>
[...]
</properties>
  <testcase name="JUnit Jupiter" classname="JUnit Jupiter" time="0">
    <error type="java.lang.NoClassDefFoundError"><![CDATA[java.lang.NoClassDefFoundError: org/junit/jupiter/api/extension/ScriptEvaluationException
Caused by: java.lang.ClassNotFoundException: org.junit.jupiter.api.extension.ScriptEvaluationException
]]></error>
  </testcase>
</testsuite>